
     Program epsilon v.6.1 (svn rev. 13369) starts on 10Jan2020 at 13:38:17 

     This program is part of the open-source Quantum ESPRESSO suite
     for quantum simulation of materials; please cite
         "P. Giannozzi et al., J. Phys.:Condens. Matter 21 395502 (2009);
          URL http://www.quantum-espresso.org", 
     in publications or presentations arising from this work. More details at
     http://www.quantum-espresso.org/quote

     Parallel version (MPI), running on    40 processors
     R & G space division:  proc/nbgrp/npool/nimage =      40


     Reading input file...
     Broadcasting variables...
     Reading PW restart file...

     Reading data from directory:
     ./outdir/NiO.save

   Info: using nr1, nr2, nr3 values from input

   Info: using nr1, nr2, nr3 values from input

     IMPORTANT: XC functional enforced from input :
     Exchange-correlation      = PBE ( 1  4  3  4 0 0)
     Any further DFT definition will be discarded
     Please, verify this is what you really want

 
     Parallelization info
     --------------------
     sticks:   dense  smooth     PW     G-vecs:    dense   smooth      PW
     Min          82      82     24                 2333     2333     379
     Max          83      83     25                 2335     2335     383
     Sum        3287    3287    969                93351    93351   15201
 
     Generating pointlists ...
     new r_m :   0.1684 (alat units)  1.6253 (a.u.) for type    1
     new r_m :   0.1684 (alat units)  1.6253 (a.u.) for type    2
     new r_m :   0.1684 (alat units)  1.6253 (a.u.) for type    3


     Fermi energy [eV] is: 15.22774
     The system is a metal...
     metalling system: redefining wmin =     0.001000

     Performing eps calculation...

     xx,yy,zz plasmon frequences [eV] are:    22.771475273   22.760591807   22.759910956

     Writing output on file...


     eps          :   4139.85s CPU   4266.67s WALL (       1 calls)
     dipole_calc  :   3671.72s CPU   3796.57s WALL (   31250 calls)
 
 
     epsilon      :     1h10m CPU        1h13m WALL

 
   This run was terminated on:  14:51:17  10Jan2020            

=------------------------------------------------------------------------------=
   JOB DONE.
=------------------------------------------------------------------------------=
IPL WARN> ipl_option_omp: wrong omp option 
